[35m[Appium][39m Welcome to Appium v1.22.3
[35m[Appium][39m Non-default server args:
[35m[Appium][39m   port: 53002
[35m[Appium][39m   loglevel: info
[35m[Appium][39m   tmpDir: /var/folders/46/h6j80b8n14ldvcnlmt_lqrjc0000gp/T//Katalon/Appium/Temp1672389560349
[35m[Appium][39m   chromedriverPort: 53003
[35m[Appium][39m Deprecated server args:
[35m[Appium][39m   [31m--chromedriver-port[39m => --default-capabilities
[35m[Appium][39m Default capabilities, which will be added to each request unless overridden by desired capabilities:
[35m[Appium][39m   chromedriverPort: 53003
[35m[Appium][39m Appium REST http interface listener started on 0.0.0.0:53002
[35m[HTTP][39m [37m-->[39m [37mGET[39m [37m/wd/hub/status[39m
[35m[HTTP][39m [90m{}[39m
[35m[HTTP][39m [37m<-- GET /wd/hub/status [39m[32m200[39m [90m2 ms - 68[39m
[35m[HTTP][39m [90m[39m
[35m[HTTP][39m [37m-->[39m [37mGET[39m [37m/wd/hub/status[39m
[35m[HTTP][39m [90m{}[39m
[35m[HTTP][39m [37m<-- GET /wd/hub/status [39m[32m200[39m [90m1 ms - 68[39m
[35m[HTTP][39m [90m[39m
[35m[HTTP][39m [37m-->[39m [37mPOST[39m [37m/wd/hub/session[39m
[35m[HTTP][39m [90m{"desiredCapabilities":{"appActivity":".Settings","appPackage":"com.android.settings","newCommandTimeout":1800,"platformVersion":"12","automationName":"uiautomator2","autoGrantPermissions":true,"platformName":"Android","udid":"emulator-5554","deviceName":"emulator-5554 (sdk_gphone64_arm64 - Android 12)","platform":"ANDROID","systemPort":8230},"capabilities":{"firstMatch":[{"appium:appActivity":".Settings","appium:appPackage":"com.android.settings","appium:autoGrantPermissions":true,"appium:automationName":"uiautomator2","appium:deviceName":"emulator-5554 (sdk_gphone64_arm64 - Android 12)","appium:newCommandTimeout":1800,"platform":"ANDROID","platformName":"android","appium:platformVersion":"12","appium:systemPort":8230,"appium:udid":"emulator-5554"}]}}[39m
[35m[BaseDriver][39m The following capabilities are not standard capabilities and should have an extension prefix:
[35m[BaseDriver][39m   platform
[35m[BaseDriver][39m   chromedriverPort
[35m[Appium][39m Appium v1.22.3 creating new AndroidUiautomator2Driver (v1.70.1) session
[35m[BaseDriver][39m The following capabilities were provided, but are not recognized by Appium:
[35m[BaseDriver][39m   platform
[35m[BaseDriver][39m Session created with session id: acbc9933-fdda-4470-b71a-c3246da93f76
[35m[UiAutomator2][39m Starting 'com.android.settings' directly on the device
[35m[ADB][39m Found 1 'build-tools' folders under '/Users/flp-9-muhammadminanda/.katalon/tools/android_sdk' (newest first):
[35m[ADB][39m     /Users/flp-9-muhammadminanda/.katalon/tools/android_sdk/build-tools/29.0.3
[35m[ADB][39m Using 'adb' from '/Users/flp-9-muhammadminanda/.katalon/tools/android_sdk/platform-tools/adb'
[35m[AndroidDriver][39m Retrieving device list
[35m[AndroidDriver][39m Using device: emulator-5554
[35m[ADB][39m Using 'adb' from '/Users/flp-9-muhammadminanda/.katalon/tools/android_sdk/platform-tools/adb'
[35m[ADB][39m Getting device platform version
[35m[UiAutomator2][39m Relaxing hidden api policy
[35m[AndroidDriver][39m No app sent in, not parsing package/activity
[35m[ADB][39m Using 'apksigner.jar' from '/Users/flp-9-muhammadminanda/.katalon/tools/android_sdk/build-tools/29.0.3/lib/apksigner.jar'
[35m[ADB][39m '/opt/homebrew/lib/node_modules/appium/node_modules/appium-uiautomator2-server/apks/appium-uiautomator2-server-v4.27.0.apk' is signed with the default certificate
[35m[ADB][39m '/opt/homebrew/lib/node_modules/appium/node_modules/appium-uiautomator2-server/apks/appium-uiautomator2-server-debug-androidTest.apk' is signed with the default certificate
[35m[UiAutomator2][39m Server packages are not going to be (re)installed
[35m[ADB][39m Adding packages ["io.appium.settings","io.appium.uiautomator2.server","io.appium.uiautomator2.server.test"] to Doze whitelist
[35m[UiAutomator2][39m Starting UIAutomator2 server 4.27.0
[35m[UiAutomator2][39m Using UIAutomator2 server from '/opt/homebrew/lib/node_modules/appium/node_modules/appium-uiautomator2-server/apks/appium-uiautomator2-server-v4.27.0.apk' and test from '/opt/homebrew/lib/node_modules/appium/node_modules/appium-uiautomator2-server/apks/appium-uiautomator2-server-debug-androidTest.apk'
[35m[UiAutomator2][39m Waiting up to 30000ms for UiAutomator2 to be online...
[35m[WD Proxy][39m socket hang up
[35m[WD Proxy][39m socket hang up
[35m[WD Proxy][39m socket hang up
[35m[WD Proxy][39m Determined the downstream protocol as 'W3C'
[35m[AndroidDriver][39m Screen already unlocked, doing nothing
[35m[UiAutomator2][39m Starting 'com.android.settings/.Settings and waiting for 'com.android.settings/.Settings'
[35m[Appium][39m New AndroidUiautomator2Driver session created successfully, session acbc9933-fdda-4470-b71a-c3246da93f76 added to master session list
[35m[HTTP][39m [37m<-- POST /wd/hub/session [39m[32m200[39m [90m8088 ms - 1192[39m
[35m[HTTP][39m [90m[39m
[35m[HTTP][39m [37m-->[39m [37mGET[39m [37m/wd/hub/session/acbc9933-fdda-4470-b71a-c3246da93f76[39m
[35m[HTTP][39m [90m{}[39m
[35m[HTTP][39m [37m<-- GET /wd/hub/session/acbc9933-fdda-4470-b71a-c3246da93f76 [39m[32m200[39m [90m12 ms - 1146[39m
[35m[HTTP][39m [90m[39m
[35m[HTTP][39m [37m-->[39m [37mGET[39m [37m/wd/hub/session/acbc9933-fdda-4470-b71a-c3246da93f76[39m
[35m[HTTP][39m [90m{}[39m
[35m[HTTP][39m [37m<-- GET /wd/hub/session/acbc9933-fdda-4470-b71a-c3246da93f76 [39m[32m200[39m [90m23 ms - 1146[39m
[35m[HTTP][39m [90m[39m
[35m[HTTP][39m [37m-->[39m [37mGET[39m [37m/wd/hub/status[39m
[35m[HTTP][39m [90m{}[39m
[35m[HTTP][39m [37m<-- GET /wd/hub/status [39m[32m200[39m [90m1 ms - 68[39m
[35m[HTTP][39m [90m[39m
[35m[HTTP][39m [37m-->[39m [37mPOST[39m [37m/wd/hub/session/acbc9933-fdda-4470-b71a-c3246da93f76/timeouts[39m
[35m[HTTP][39m [90m{"implicit":60000}[39m
[35m[HTTP][39m [37m<-- POST /wd/hub/session/acbc9933-fdda-4470-b71a-c3246da93f76/timeouts [39m[32m200[39m [90m1 ms - 14[39m
[35m[HTTP][39m [90m[39m
[35m[HTTP][39m [37m-->[39m [37mGET[39m [37m/wd/hub/session/acbc9933-fdda-4470-b71a-c3246da93f76/screenshot[39m
[35m[HTTP][39m [90m{}[39m
[35m[HTTP][39m [37m<-- GET /wd/hub/session/acbc9933-fdda-4470-b71a-c3246da93f76/screenshot [39m[32m200[39m [90m310 ms - 196338[39m
[35m[HTTP][39m [90m[39m
[35m[HTTP][39m [37m-->[39m [37mGET[39m [37m/wd/hub/session/acbc9933-fdda-4470-b71a-c3246da93f76/window/rect[39m
[35m[HTTP][39m [90m{}[39m
[35m[HTTP][39m [37m<-- GET /wd/hub/session/acbc9933-fdda-4470-b71a-c3246da93f76/window/rect [39m[32m200[39m [90m21 ms - 50[39m
[35m[HTTP][39m [90m[39m
[35m[HTTP][39m [37m-->[39m [37mGET[39m [37m/wd/hub/session/acbc9933-fdda-4470-b71a-c3246da93f76/appium/device/system_bars[39m
[35m[HTTP][39m [90m{}[39m
[35m[HTTP][39m [37m<-- GET /wd/hub/session/acbc9933-fdda-4470-b71a-c3246da93f76/appium/device/system_bars [39m[32m200[39m [90m88 ms - 145[39m
[35m[HTTP][39m [90m[39m
[35m[HTTP][39m [37m-->[39m [37mPOST[39m [37m/wd/hub/session/acbc9933-fdda-4470-b71a-c3246da93f76/appium/device/activate_app[39m
[35m[HTTP][39m [90m{"bundleId":"staging.cicle"}[39m
[35m[HTTP][39m [37m<-- POST /wd/hub/session/acbc9933-fdda-4470-b71a-c3246da93f76/appium/device/activate_app [39m[32m200[39m [90m689 ms - 14[39m
[35m[HTTP][39m [90m[39m
[35m[HTTP][39m [37m-->[39m [37mGET[39m [37m/wd/hub/session/acbc9933-fdda-4470-b71a-c3246da93f76/source[39m
[35m[HTTP][39m [90m{}[39m
[35m[W3C (acbc9933)][39m Driver proxy active, passing request on via HTTP proxy
[35m[WD Proxy][39m Replacing sessionId 44baebc7-bc28-4154-ac53-97ed5ace4387 with acbc9933-fdda-4470-b71a-c3246da93f76
[35m[HTTP][39m [37m<-- GET /wd/hub/session/acbc9933-fdda-4470-b71a-c3246da93f76/source [39m[32m200[39m [90m326 ms - 7297[39m
[35m[HTTP][39m [90m[39m
[35m[HTTP][39m [37m-->[39m [37mGET[39m [37m/wd/hub/session/acbc9933-fdda-4470-b71a-c3246da93f76/screenshot[39m
[35m[HTTP][39m [90m{}[39m
[35m[HTTP][39m [37m<-- GET /wd/hub/session/acbc9933-fdda-4470-b71a-c3246da93f76/screenshot [39m[32m200[39m [90m219 ms - 197582[39m
[35m[HTTP][39m [90m[39m
[35m[HTTP][39m [37m-->[39m [37mPOST[39m [37m/wd/hub/session/acbc9933-fdda-4470-b71a-c3246da93f76/elements[39m
[35m[HTTP][39m [90m{"using":"xpath","value":"//*[@class = 'android.view.View' and @resource-id = '' and (@text = '' or . = '')]"}[39m
[35m[HTTP][39m [37m<-- POST /wd/hub/session/acbc9933-fdda-4470-b71a-c3246da93f76/elements [39m[32m200[39m [90m223 ms - 907[39m
[35m[HTTP][39m [90m[39m
[35m[HTTP][39m [37m-->[39m [37mPOST[39m [37m/wd/hub/session/acbc9933-fdda-4470-b71a-c3246da93f76/elements[39m
[35m[HTTP][39m [90m{"using":"accessibility id","value":"Skip"}[39m
[35m[HTTP][39m [37m<-- POST /wd/hub/session/acbc9933-fdda-4470-b71a-c3246da93f76/elements [39m[32m200[39m [90m14 ms - 139[39m
[35m[HTTP][39m [90m[39m
[35m[HTTP][39m [37m-->[39m [37mGET[39m [37m/wd/hub/session/acbc9933-fdda-4470-b71a-c3246da93f76/window/rect[39m
[35m[HTTP][39m [90m{}[39m
[35m[HTTP][39m [37m<-- GET /wd/hub/session/acbc9933-fdda-4470-b71a-c3246da93f76/window/rect [39m[32m200[39m [90m5 ms - 50[39m
[35m[HTTP][39m [90m[39m
[35m[HTTP][39m [37m-->[39m [37mPOST[39m [37m/wd/hub/session/acbc9933-fdda-4470-b71a-c3246da93f76/elements[39m
[35m[HTTP][39m [90m{"using":"accessibility id","value":"Skip"}[39m
[35m[HTTP][39m [37m<-- POST /wd/hub/session/acbc9933-fdda-4470-b71a-c3246da93f76/elements [39m[32m200[39m [90m14 ms - 139[39m
[35m[HTTP][39m [90m[39m
[35m[HTTP][39m [37m-->[39m [37mGET[39m [37m/wd/hub/session/acbc9933-fdda-4470-b71a-c3246da93f76/element/00000000-0000-0045-0000-001900000004/location[39m
[35m[HTTP][39m [90m{}[39m
[35m[W3C (acbc9933)][39m Driver proxy active, passing request on via HTTP proxy
[35m[WD Proxy][39m Replacing sessionId 44baebc7-bc28-4154-ac53-97ed5ace4387 with acbc9933-fdda-4470-b71a-c3246da93f76
[35m[HTTP][39m [37m<-- GET /wd/hub/session/acbc9933-fdda-4470-b71a-c3246da93f76/element/00000000-0000-0045-0000-001900000004/location [39m[32m200[39m [90m7 ms - 77[39m
[35m[HTTP][39m [90m[39m
[35m[HTTP][39m [37m-->[39m [37mPOST[39m [37m/wd/hub/session/acbc9933-fdda-4470-b71a-c3246da93f76/element/00000000-0000-0045-0000-001900000004/click[39m
[35m[HTTP][39m [90m{"id":"00000000-0000-0045-0000-001900000004"}[39m
[35m[HTTP][39m [37m<-- POST /wd/hub/session/acbc9933-fdda-4470-b71a-c3246da93f76/element/00000000-0000-0045-0000-001900000004/click [39m[32m200[39m [90m673 ms - 14[39m
[35m[HTTP][39m [90m[39m
[35m[HTTP][39m [37m-->[39m [37mGET[39m [37m/wd/hub/session/acbc9933-fdda-4470-b71a-c3246da93f76/source[39m
[35m[HTTP][39m [90m{}[39m
[35m[W3C (acbc9933)][39m Driver proxy active, passing request on via HTTP proxy
[35m[WD Proxy][39m Replacing sessionId 44baebc7-bc28-4154-ac53-97ed5ace4387 with acbc9933-fdda-4470-b71a-c3246da93f76
[35m[HTTP][39m [37m<-- GET /wd/hub/session/acbc9933-fdda-4470-b71a-c3246da93f76/source [39m[32m200[39m [90m49 ms - 6540[39m
[35m[HTTP][39m [90m[39m
[35m[HTTP][39m [37m-->[39m [37mGET[39m [37m/wd/hub/session/acbc9933-fdda-4470-b71a-c3246da93f76/screenshot[39m
[35m[HTTP][39m [90m{}[39m
[35m[HTTP][39m [37m<-- GET /wd/hub/session/acbc9933-fdda-4470-b71a-c3246da93f76/screenshot [39m[32m200[39m [90m246 ms - 244860[39m
[35m[HTTP][39m [90m[39m
[35m[HTTP][39m [37m-->[39m [37mPOST[39m [37m/wd/hub/session/acbc9933-fdda-4470-b71a-c3246da93f76/elements[39m
[35m[HTTP][39m [90m{"using":"xpath","value":"//*[@class = 'android.widget.Button' and @resource-id = '' and (@text = '' or . = '')]"}[39m
[35m[HTTP][39m [37m<-- POST /wd/hub/session/acbc9933-fdda-4470-b71a-c3246da93f76/elements [39m[32m200[39m [90m83 ms - 139[39m
[35m[HTTP][39m [90m[39m
[35m[HTTP][39m [37m-->[39m [37mGET[39m [37m/wd/hub/session/acbc9933-fdda-4470-b71a-c3246da93f76/window/rect[39m
[35m[HTTP][39m [90m{}[39m
[35m[HTTP][39m [37m<-- GET /wd/hub/session/acbc9933-fdda-4470-b71a-c3246da93f76/window/rect [39m[32m200[39m [90m5 ms - 50[39m
[35m[HTTP][39m [90m[39m
[35m[HTTP][39m [37m-->[39m [37mPOST[39m [37m/wd/hub/session/acbc9933-fdda-4470-b71a-c3246da93f76/elements[39m
[35m[HTTP][39m [90m{"using":"xpath","value":"//*[@class = 'android.widget.Button' and @resource-id = '' and (@text = '' or . = '')]"}[39m
[35m[HTTP][39m [37m<-- POST /wd/hub/session/acbc9933-fdda-4470-b71a-c3246da93f76/elements [39m[32m200[39m [90m35 ms - 139[39m
[35m[HTTP][39m [90m[39m
[35m[HTTP][39m [37m-->[39m [37mGET[39m [37m/wd/hub/session/acbc9933-fdda-4470-b71a-c3246da93f76/element/00000000-0000-0045-0000-001c00000004/location[39m
[35m[HTTP][39m [90m{}[39m
[35m[W3C (acbc9933)][39m Driver proxy active, passing request on via HTTP proxy
[35m[WD Proxy][39m Replacing sessionId 44baebc7-bc28-4154-ac53-97ed5ace4387 with acbc9933-fdda-4470-b71a-c3246da93f76
[35m[HTTP][39m [37m<-- GET /wd/hub/session/acbc9933-fdda-4470-b71a-c3246da93f76/element/00000000-0000-0045-0000-001c00000004/location [39m[32m200[39m [90m9 ms - 79[39m
[35m[HTTP][39m [90m[39m
[35m[HTTP][39m [37m-->[39m [37mPOST[39m [37m/wd/hub/session/acbc9933-fdda-4470-b71a-c3246da93f76/element/00000000-0000-0045-0000-001c00000004/click[39m
[35m[HTTP][39m [90m{"id":"00000000-0000-0045-0000-001c00000004"}[39m
[35m[HTTP][39m [37m<-- POST /wd/hub/session/acbc9933-fdda-4470-b71a-c3246da93f76/element/00000000-0000-0045-0000-001c00000004/click [39m[32m200[39m [90m110 ms - 14[39m
[35m[HTTP][39m [90m[39m
[35m[HTTP][39m [37m-->[39m [37mGET[39m [37m/wd/hub/session/acbc9933-fdda-4470-b71a-c3246da93f76/source[39m
[35m[HTTP][39m [90m{}[39m
[35m[W3C (acbc9933)][39m Driver proxy active, passing request on via HTTP proxy
[35m[WD Proxy][39m Replacing sessionId 44baebc7-bc28-4154-ac53-97ed5ace4387 with acbc9933-fdda-4470-b71a-c3246da93f76
[35m[HTTP][39m [37m<-- GET /wd/hub/session/acbc9933-fdda-4470-b71a-c3246da93f76/source [39m[32m200[39m [90m1534 ms - 6455[39m
[35m[HTTP][39m [90m[39m
[35m[HTTP][39m [37m-->[39m [37mGET[39m [37m/wd/hub/session/acbc9933-fdda-4470-b71a-c3246da93f76/screenshot[39m
[35m[HTTP][39m [90m{}[39m
[35m[HTTP][39m [37m<-- GET /wd/hub/session/acbc9933-fdda-4470-b71a-c3246da93f76/screenshot [39m[32m200[39m [90m197 ms - 100814[39m
[35m[HTTP][39m [90m[39m
[35m[HTTP][39m [37m-->[39m [37mPOST[39m [37m/wd/hub/session/acbc9933-fdda-4470-b71a-c3246da93f76/elements[39m
[35m[HTTP][39m [90m{"using":"xpath","value":"//*[@class = 'android.widget.ImageView' and @resource-id = '' and (@text = '' or . = '')]"}[39m
[35m[HTTP][39m [37m<-- POST /wd/hub/session/acbc9933-fdda-4470-b71a-c3246da93f76/elements [39m[32m200[39m [90m62 ms - 267[39m
[35m[HTTP][39m [90m[39m
[35m[HTTP][39m [37m-->[39m [37mPOST[39m [37m/wd/hub/session/acbc9933-fdda-4470-b71a-c3246da93f76/elements[39m
[35m[HTTP][39m [90m{"using":"accessibility id","value":"Sign in with Google Account"}[39m
[35m[HTTP][39m [37m<-- POST /wd/hub/session/acbc9933-fdda-4470-b71a-c3246da93f76/elements [39m[32m200[39m [90m14 ms - 139[39m
[35m[HTTP][39m [90m[39m
[35m[HTTP][39m [37m-->[39m [37mGET[39m [37m/wd/hub/session/acbc9933-fdda-4470-b71a-c3246da93f76/window/rect[39m
[35m[HTTP][39m [90m{}[39m
[35m[HTTP][39m [37m<-- GET /wd/hub/session/acbc9933-fdda-4470-b71a-c3246da93f76/window/rect [39m[32m200[39m [90m4 ms - 50[39m
[35m[HTTP][39m [90m[39m
[35m[HTTP][39m [37m-->[39m [37mPOST[39m [37m/wd/hub/session/acbc9933-fdda-4470-b71a-c3246da93f76/elements[39m
[35m[HTTP][39m [90m{"using":"accessibility id","value":"Sign in with Google Account"}[39m
[35m[HTTP][39m [37m<-- POST /wd/hub/session/acbc9933-fdda-4470-b71a-c3246da93f76/elements [39m[32m200[39m [90m14 ms - 139[39m
[35m[HTTP][39m [90m[39m
[35m[HTTP][39m [37m-->[39m [37mGET[39m [37m/wd/hub/session/acbc9933-fdda-4470-b71a-c3246da93f76/element/00000000-0000-0045-0000-002100000004/location[39m
[35m[HTTP][39m [90m{}[39m
[35m[W3C (acbc9933)][39m Driver proxy active, passing request on via HTTP proxy
[35m[WD Proxy][39m Replacing sessionId 44baebc7-bc28-4154-ac53-97ed5ace4387 with acbc9933-fdda-4470-b71a-c3246da93f76
[35m[HTTP][39m [37m<-- GET /wd/hub/session/acbc9933-fdda-4470-b71a-c3246da93f76/element/00000000-0000-0045-0000-002100000004/location [39m[32m200[39m [90m6 ms - 78[39m
[35m[HTTP][39m [90m[39m
[35m[HTTP][39m [37m-->[39m [37mPOST[39m [37m/wd/hub/session/acbc9933-fdda-4470-b71a-c3246da93f76/element/00000000-0000-0045-0000-002100000004/click[39m
[35m[HTTP][39m [90m{"id":"00000000-0000-0045-0000-002100000004"}[39m
[35m[HTTP][39m [37m<-- POST /wd/hub/session/acbc9933-fdda-4470-b71a-c3246da93f76/element/00000000-0000-0045-0000-002100000004/click [39m[32m200[39m [90m1668 ms - 14[39m
[35m[HTTP][39m [90m[39m
[35m[HTTP][39m [37m-->[39m [37mGET[39m [37m/wd/hub/session/acbc9933-fdda-4470-b71a-c3246da93f76/source[39m
[35m[HTTP][39m [90m{}[39m
[35m[W3C (acbc9933)][39m Driver proxy active, passing request on via HTTP proxy
[35m[WD Proxy][39m Replacing sessionId 44baebc7-bc28-4154-ac53-97ed5ace4387 with acbc9933-fdda-4470-b71a-c3246da93f76
[35m[HTTP][39m [37m<-- GET /wd/hub/session/acbc9933-fdda-4470-b71a-c3246da93f76/source [39m[32m200[39m [90m34 ms - 10089[39m
[35m[HTTP][39m [90m[39m
[35m[HTTP][39m [37m-->[39m [37mGET[39m [37m/wd/hub/session/acbc9933-fdda-4470-b71a-c3246da93f76/screenshot[39m
[35m[HTTP][39m [90m{}[39m
[35m[HTTP][39m [37m<-- GET /wd/hub/session/acbc9933-fdda-4470-b71a-c3246da93f76/screenshot [39m[32m200[39m [90m229 ms - 177492[39m
[35m[HTTP][39m [90m[39m
[35m[HTTP][39m [37m-->[39m [37mPOST[39m [37m/wd/hub/session/acbc9933-fdda-4470-b71a-c3246da93f76/elements[39m
[35m[HTTP][39m [90m{"using":"xpath","value":"//*[@class = 'android.widget.LinearLayout' and @resource-id = 'com.google.android.gms:id/container' and (@text = '' or . = '')]"}[39m
[35m[HTTP][39m [37m<-- POST /wd/hub/session/acbc9933-fdda-4470-b71a-c3246da93f76/elements [39m[32m200[39m [90m98 ms - 267[39m
[35m[HTTP][39m [90m[39m
[35m[HTTP][39m [37m-->[39m [37mPOST[39m [37m/wd/hub/session/acbc9933-fdda-4470-b71a-c3246da93f76/elements[39m
[35m[HTTP][39m [90m{"using":"id","value":"com.google.android.gms:id/container"}[39m
[35m[HTTP][39m [37m<-- POST /wd/hub/session/acbc9933-fdda-4470-b71a-c3246da93f76/elements [39m[32m200[39m [90m33 ms - 267[39m
[35m[HTTP][39m [90m[39m
[35m[HTTP][39m [37m-->[39m [37mPOST[39m [37m/wd/hub/session/acbc9933-fdda-4470-b71a-c3246da93f76/elements[39m
[35m[HTTP][39m [90m{"using":"-android uiautomator","value":"new UiSelector().className(\"android.widget.LinearLayout\").resourceId(\"com.google.android.gms:id/container\")"}[39m
[35m[HTTP][39m [37m<-- POST /wd/hub/session/acbc9933-fdda-4470-b71a-c3246da93f76/elements [39m[32m200[39m [90m36 ms - 267[39m
[35m[HTTP][39m [90m[39m
[35m[HTTP][39m [37m-->[39m [37mGET[39m [37m/wd/hub/session/acbc9933-fdda-4470-b71a-c3246da93f76/window/rect[39m
[35m[HTTP][39m [90m{}[39m
[35m[HTTP][39m [37m<-- GET /wd/hub/session/acbc9933-fdda-4470-b71a-c3246da93f76/window/rect [39m[32m200[39m [90m12 ms - 50[39m
[35m[HTTP][39m [90m[39m
[35m[HTTP][39m [37m-->[39m [37mPOST[39m [37m/wd/hub/session/acbc9933-fdda-4470-b71a-c3246da93f76/elements[39m
[35m[HTTP][39m [90m{"using":"xpath","value":"//hierarchy/android.widget.FrameLayout[1]/android.widget.LinearLayout[1]/android.widget.FrameLayout[1]/android.widget.FrameLayout[1]/android.widget.FrameLayout[1]/android.widget.LinearLayout[1]/android.support.v7.widget.RecyclerView[1]/android.widget.LinearLayout[1]"}[39m
[35m[HTTP][39m [37m<-- POST /wd/hub/session/acbc9933-fdda-4470-b71a-c3246da93f76/elements [39m[32m200[39m [90m50 ms - 139[39m
[35m[HTTP][39m [90m[39m
[35m[HTTP][39m [37m-->[39m [37mGET[39m [37m/wd/hub/session/acbc9933-fdda-4470-b71a-c3246da93f76/element/00000000-0000-0052-ffff-ffff0000004a/location[39m
[35m[HTTP][39m [90m{}[39m
[35m[W3C (acbc9933)][39m Driver proxy active, passing request on via HTTP proxy
[35m[WD Proxy][39m Replacing sessionId 44baebc7-bc28-4154-ac53-97ed5ace4387 with acbc9933-fdda-4470-b71a-c3246da93f76
[35m[HTTP][39m [37m<-- GET /wd/hub/session/acbc9933-fdda-4470-b71a-c3246da93f76/element/00000000-0000-0052-ffff-ffff0000004a/location [39m[32m200[39m [90m6 ms - 78[39m
[35m[HTTP][39m [90m[39m
[35m[HTTP][39m [37m-->[39m [37mPOST[39m [37m/wd/hub/session/acbc9933-fdda-4470-b71a-c3246da93f76/element/00000000-0000-0052-ffff-ffff0000004a/click[39m
[35m[HTTP][39m [90m{"id":"00000000-0000-0052-ffff-ffff0000004a"}[39m
[35m[HTTP][39m [37m<-- POST /wd/hub/session/acbc9933-fdda-4470-b71a-c3246da93f76/element/00000000-0000-0052-ffff-ffff0000004a/click [39m[32m200[39m [90m51 ms - 14[39m
[35m[HTTP][39m [90m[39m
[35m[HTTP][39m [37m-->[39m [37mGET[39m [37m/wd/hub/session/acbc9933-fdda-4470-b71a-c3246da93f76/source[39m
[35m[HTTP][39m [90m{}[39m
[35m[W3C (acbc9933)][39m Driver proxy active, passing request on via HTTP proxy
[35m[WD Proxy][39m Replacing sessionId 44baebc7-bc28-4154-ac53-97ed5ace4387 with acbc9933-fdda-4470-b71a-c3246da93f76
[35m[HTTP][39m [37m<-- GET /wd/hub/session/acbc9933-fdda-4470-b71a-c3246da93f76/source [39m[32m200[39m [90m261 ms - 607[39m
[35m[HTTP][39m [90m[39m
[35m[HTTP][39m [37m-->[39m [37mGET[39m [37m/wd/hub/session/acbc9933-fdda-4470-b71a-c3246da93f76/screenshot[39m
[35m[HTTP][39m [90m{}[39m
[35m[HTTP][39m [37m<-- GET /wd/hub/session/acbc9933-fdda-4470-b71a-c3246da93f76/screenshot [39m[32m200[39m [90m259 ms - 107226[39m
[35m[HTTP][39m [90m[39m
[35m[HTTP][39m [37m-->[39m [37mGET[39m [37m/wd/hub/session/acbc9933-fdda-4470-b71a-c3246da93f76/source[39m
[35m[HTTP][39m [90m{}[39m
[35m[W3C (acbc9933)][39m Driver proxy active, passing request on via HTTP proxy
[35m[WD Proxy][39m Replacing sessionId 44baebc7-bc28-4154-ac53-97ed5ace4387 with acbc9933-fdda-4470-b71a-c3246da93f76
[35m[HTTP][39m [37m<-- GET /wd/hub/session/acbc9933-fdda-4470-b71a-c3246da93f76/source [39m[32m200[39m [90m100 ms - 607[39m
[35m[HTTP][39m [90m[39m
[35m[HTTP][39m [37m-->[39m [37mGET[39m [37m/wd/hub/session/acbc9933-fdda-4470-b71a-c3246da93f76/screenshot[39m
[35m[HTTP][39m [90m{}[39m
[35m[HTTP][39m [37m<-- GET /wd/hub/session/acbc9933-fdda-4470-b71a-c3246da93f76/screenshot [39m[32m200[39m [90m307 ms - 107226[39m
[35m[HTTP][39m [90m[39m
[35m[HTTP][39m [37m-->[39m [37mGET[39m [37m/wd/hub/session/acbc9933-fdda-4470-b71a-c3246da93f76/source[39m
[35m[HTTP][39m [90m{}[39m
[35m[W3C (acbc9933)][39m Driver proxy active, passing request on via HTTP proxy
[35m[WD Proxy][39m Replacing sessionId 44baebc7-bc28-4154-ac53-97ed5ace4387 with acbc9933-fdda-4470-b71a-c3246da93f76
[35m[HTTP][39m [37m<-- GET /wd/hub/session/acbc9933-fdda-4470-b71a-c3246da93f76/source [39m[32m200[39m [90m47 ms - 607[39m
[35m[HTTP][39m [90m[39m
[35m[HTTP][39m [37m-->[39m [37mGET[39m [37m/wd/hub/session/acbc9933-fdda-4470-b71a-c3246da93f76/screenshot[39m
[35m[HTTP][39m [90m{}[39m
[35m[HTTP][39m [37m<-- GET /wd/hub/session/acbc9933-fdda-4470-b71a-c3246da93f76/screenshot [39m[32m200[39m [90m242 ms - 107226[39m
[35m[HTTP][39m [90m[39m
[35m[HTTP][39m [37m-->[39m [37mGET[39m [37m/wd/hub/session/acbc9933-fdda-4470-b71a-c3246da93f76/source[39m
[35m[HTTP][39m [90m{}[39m
[35m[W3C (acbc9933)][39m Driver proxy active, passing request on via HTTP proxy
[35m[WD Proxy][39m Replacing sessionId 44baebc7-bc28-4154-ac53-97ed5ace4387 with acbc9933-fdda-4470-b71a-c3246da93f76
[35m[HTTP][39m [37m<-- GET /wd/hub/session/acbc9933-fdda-4470-b71a-c3246da93f76/source [39m[32m200[39m [90m70 ms - 607[39m
[35m[HTTP][39m [90m[39m
[35m[HTTP][39m [37m-->[39m [37mGET[39m [37m/wd/hub/session/acbc9933-fdda-4470-b71a-c3246da93f76/screenshot[39m
[35m[HTTP][39m [90m{}[39m
[35m[HTTP][39m [37m<-- GET /wd/hub/session/acbc9933-fdda-4470-b71a-c3246da93f76/screenshot [39m[32m200[39m [90m247 ms - 107226[39m
[35m[HTTP][39m [90m[39m
[35m[HTTP][39m [37m-->[39m [37mGET[39m [37m/wd/hub/session/acbc9933-fdda-4470-b71a-c3246da93f76/source[39m
[35m[HTTP][39m [90m{}[39m
[35m[W3C (acbc9933)][39m Driver proxy active, passing request on via HTTP proxy
[35m[WD Proxy][39m Replacing sessionId 44baebc7-bc28-4154-ac53-97ed5ace4387 with acbc9933-fdda-4470-b71a-c3246da93f76
[35m[HTTP][39m [37m<-- GET /wd/hub/session/acbc9933-fdda-4470-b71a-c3246da93f76/source [39m[32m200[39m [90m102 ms - 607[39m
[35m[HTTP][39m [90m[39m
[35m[HTTP][39m [37m-->[39m [37mGET[39m [37m/wd/hub/session/acbc9933-fdda-4470-b71a-c3246da93f76/screenshot[39m
[35m[HTTP][39m [90m{}[39m
[35m[HTTP][39m [37m<-- GET /wd/hub/session/acbc9933-fdda-4470-b71a-c3246da93f76/screenshot [39m[32m200[39m [90m271 ms - 107226[39m
[35m[HTTP][39m [90m[39m
[35m[HTTP][39m [37m-->[39m [37mGET[39m [37m/wd/hub/session/acbc9933-fdda-4470-b71a-c3246da93f76/source[39m
[35m[HTTP][39m [90m{}[39m
[35m[W3C (acbc9933)][39m Driver proxy active, passing request on via HTTP proxy
[35m[WD Proxy][39m Replacing sessionId 44baebc7-bc28-4154-ac53-97ed5ace4387 with acbc9933-fdda-4470-b71a-c3246da93f76
[35m[HTTP][39m [37m<-- GET /wd/hub/session/acbc9933-fdda-4470-b71a-c3246da93f76/source [39m[32m200[39m [90m72 ms - 607[39m
[35m[HTTP][39m [90m[39m
[35m[HTTP][39m [37m-->[39m [37mGET[39m [37m/wd/hub/session/acbc9933-fdda-4470-b71a-c3246da93f76/screenshot[39m
[35m[HTTP][39m [90m{}[39m
[35m[HTTP][39m [37m<-- GET /wd/hub/session/acbc9933-fdda-4470-b71a-c3246da93f76/screenshot [39m[32m200[39m [90m270 ms - 107226[39m
[35m[HTTP][39m [90m[39m
[35m[HTTP][39m [37m-->[39m [37mGET[39m [37m/wd/hub/session/acbc9933-fdda-4470-b71a-c3246da93f76/source[39m
[35m[HTTP][39m [90m{}[39m
[35m[W3C (acbc9933)][39m Driver proxy active, passing request on via HTTP proxy
[35m[WD Proxy][39m Replacing sessionId 44baebc7-bc28-4154-ac53-97ed5ace4387 with acbc9933-fdda-4470-b71a-c3246da93f76
[35m[HTTP][39m [37m<-- GET /wd/hub/session/acbc9933-fdda-4470-b71a-c3246da93f76/source [39m[32m200[39m [90m109 ms - 607[39m
[35m[HTTP][39m [90m[39m
[35m[HTTP][39m [37m-->[39m [37mGET[39m [37m/wd/hub/session/acbc9933-fdda-4470-b71a-c3246da93f76/screenshot[39m
[35m[HTTP][39m [90m{}[39m
[35m[HTTP][39m [37m<-- GET /wd/hub/session/acbc9933-fdda-4470-b71a-c3246da93f76/screenshot [39m[32m200[39m [90m285 ms - 107086[39m
[35m[HTTP][39m [90m[39m
[35m[HTTP][39m [37m-->[39m [37mGET[39m [37m/wd/hub/session/acbc9933-fdda-4470-b71a-c3246da93f76/source[39m
[35m[HTTP][39m [90m{}[39m
[35m[W3C (acbc9933)][39m Driver proxy active, passing request on via HTTP proxy
[35m[WD Proxy][39m Replacing sessionId 44baebc7-bc28-4154-ac53-97ed5ace4387 with acbc9933-fdda-4470-b71a-c3246da93f76
[35m[HTTP][39m [37m<-- GET /wd/hub/session/acbc9933-fdda-4470-b71a-c3246da93f76/source [39m[32m200[39m [90m1062 ms - 10693[39m
[35m[HTTP][39m [90m[39m
[35m[HTTP][39m [37m-->[39m [37mGET[39m [37m/wd/hub/session/acbc9933-fdda-4470-b71a-c3246da93f76/screenshot[39m
[35m[HTTP][39m [90m{}[39m
[35m[HTTP][39m [37m<-- GET /wd/hub/session/acbc9933-fdda-4470-b71a-c3246da93f76/screenshot [39m[32m200[39m [90m574 ms - 127158[39m
[35m[HTTP][39m [90m[39m
[35m[HTTP][39m [37m-->[39m [37mGET[39m [37m/wd/hub/session/acbc9933-fdda-4470-b71a-c3246da93f76/source[39m
[35m[HTTP][39m [90m{}[39m
[35m[W3C (acbc9933)][39m Driver proxy active, passing request on via HTTP proxy
[35m[WD Proxy][39m Replacing sessionId 44baebc7-bc28-4154-ac53-97ed5ace4387 with acbc9933-fdda-4470-b71a-c3246da93f76
[35m[HTTP][39m [37m<-- GET /wd/hub/session/acbc9933-fdda-4470-b71a-c3246da93f76/source [39m[32m200[39m [90m185 ms - 10693[39m
[35m[HTTP][39m [90m[39m
[35m[HTTP][39m [37m-->[39m [37mGET[39m [37m/wd/hub/session/acbc9933-fdda-4470-b71a-c3246da93f76/screenshot[39m
[35m[HTTP][39m [90m{}[39m
[35m[HTTP][39m [37m<-- GET /wd/hub/session/acbc9933-fdda-4470-b71a-c3246da93f76/screenshot [39m[32m200[39m [90m446 ms - 127158[39m
[35m[HTTP][39m [90m[39m
[35m[HTTP][39m [37m-->[39m [37mPOST[39m [37m/wd/hub/session/acbc9933-fdda-4470-b71a-c3246da93f76/elements[39m
[35m[HTTP][39m [90m{"using":"xpath","value":"//*[@class = 'android.widget.Button' and @resource-id = '' and (@text = '' or . = '')]"}[39m
[35m[HTTP][39m [37m<-- POST /wd/hub/session/acbc9933-fdda-4470-b71a-c3246da93f76/elements [39m[32m200[39m [90m311 ms - 139[39m
[35m[HTTP][39m [90m[39m
[35m[HTTP][39m [37m-->[39m [37mGET[39m [37m/wd/hub/session/acbc9933-fdda-4470-b71a-c3246da93f76/window/rect[39m
[35m[HTTP][39m [90m{}[39m
[35m[HTTP][39m [37m<-- GET /wd/hub/session/acbc9933-fdda-4470-b71a-c3246da93f76/window/rect [39m[32m200[39m [90m13 ms - 50[39m
[35m[HTTP][39m [90m[39m
[35m[HTTP][39m [37m-->[39m [37mPOST[39m [37m/wd/hub/session/acbc9933-fdda-4470-b71a-c3246da93f76/elements[39m
[35m[HTTP][39m [90m{"using":"xpath","value":"//*[@class = 'android.widget.Button' and @resource-id = '' and (@text = '' or . = '')]"}[39m
[35m[HTTP][39m [37m<-- POST /wd/hub/session/acbc9933-fdda-4470-b71a-c3246da93f76/elements [39m[32m200[39m [90m86 ms - 139[39m
[35m[HTTP][39m [90m[39m
[35m[HTTP][39m [37m-->[39m [37mGET[39m [37m/wd/hub/session/acbc9933-fdda-4470-b71a-c3246da93f76/element/00000000-0000-0045-0000-003800000004/location[39m
[35m[HTTP][39m [90m{}[39m
[35m[W3C (acbc9933)][39m Driver proxy active, passing request on via HTTP proxy
[35m[WD Proxy][39m Replacing sessionId 44baebc7-bc28-4154-ac53-97ed5ace4387 with acbc9933-fdda-4470-b71a-c3246da93f76
[35m[HTTP][39m [37m<-- GET /wd/hub/session/acbc9933-fdda-4470-b71a-c3246da93f76/element/00000000-0000-0045-0000-003800000004/location [39m[32m200[39m [90m8 ms - 79[39m
[35m[HTTP][39m [90m[39m
[35m[HTTP][39m [37m-->[39m [37mPOST[39m [37m/wd/hub/session/acbc9933-fdda-4470-b71a-c3246da93f76/element/00000000-0000-0045-0000-003800000004/click[39m
[35m[HTTP][39m [90m{"id":"00000000-0000-0045-0000-003800000004"}[39m
[35m[HTTP][39m [37m<-- POST /wd/hub/session/acbc9933-fdda-4470-b71a-c3246da93f76/element/00000000-0000-0045-0000-003800000004/click [39m[32m200[39m [90m176 ms - 14[39m
[35m[HTTP][39m [90m[39m
[35m[HTTP][39m [37m-->[39m [37mGET[39m [37m/wd/hub/session/acbc9933-fdda-4470-b71a-c3246da93f76/source[39m
[35m[HTTP][39m [90m{}[39m
[35m[W3C (acbc9933)][39m Driver proxy active, passing request on via HTTP proxy
[35m[WD Proxy][39m Replacing sessionId 44baebc7-bc28-4154-ac53-97ed5ace4387 with acbc9933-fdda-4470-b71a-c3246da93f76
[35m[HTTP][39m [37m<-- GET /wd/hub/session/acbc9933-fdda-4470-b71a-c3246da93f76/source [39m[32m200[39m [90m320 ms - 7610[39m
[35m[HTTP][39m [90m[39m
[35m[HTTP][39m [37m-->[39m [37mGET[39m [37m/wd/hub/session/acbc9933-fdda-4470-b71a-c3246da93f76/screenshot[39m
[35m[HTTP][39m [90m{}[39m
[35m[HTTP][39m [37m<-- GET /wd/hub/session/acbc9933-fdda-4470-b71a-c3246da93f76/screenshot [39m[32m200[39m [90m361 ms - 136028[39m
[35m[HTTP][39m [90m[39m
[35m[HTTP][39m [37m-->[39m [37mPOST[39m [37m/wd/hub/session/acbc9933-fdda-4470-b71a-c3246da93f76/elements[39m
[35m[HTTP][39m [90m{"using":"xpath","value":"//*[@class = 'android.widget.EditText' and (@text = 'type name...' or . = 'type name...') and @resource-id = '']"}[39m
[35m[HTTP][39m [37m<-- POST /wd/hub/session/acbc9933-fdda-4470-b71a-c3246da93f76/elements [39m[32m200[39m [90m56 ms - 139[39m
[35m[HTTP][39m [90m[39m
[35m[HTTP][39m [37m-->[39m [37mGET[39m [37m/wd/hub/session/acbc9933-fdda-4470-b71a-c3246da93f76/window/rect[39m
[35m[HTTP][39m [90m{}[39m
[35m[HTTP][39m [37m<-- GET /wd/hub/session/acbc9933-fdda-4470-b71a-c3246da93f76/window/rect [39m[32m200[39m [90m4 ms - 50[39m
[35m[HTTP][39m [90m[39m
[35m[HTTP][39m [37m-->[39m [37mPOST[39m [37m/wd/hub/session/acbc9933-fdda-4470-b71a-c3246da93f76/elements[39m
[35m[HTTP][39m [90m{"using":"xpath","value":"//*[@class = 'android.widget.EditText' and (@text = 'type name...' or . = 'type name...') and @resource-id = '']"}[39m
[35m[HTTP][39m [37m<-- POST /wd/hub/session/acbc9933-fdda-4470-b71a-c3246da93f76/elements [39m[32m200[39m [90m26 ms - 139[39m
[35m[HTTP][39m [90m[39m
[35m[HTTP][39m [37m-->[39m [37mGET[39m [37m/wd/hub/session/acbc9933-fdda-4470-b71a-c3246da93f76/element/00000000-0000-0045-0000-003f00000004/location[39m
[35m[HTTP][39m [90m{}[39m
[35m[W3C (acbc9933)][39m Driver proxy active, passing request on via HTTP proxy
[35m[WD Proxy][39m Replacing sessionId 44baebc7-bc28-4154-ac53-97ed5ace4387 with acbc9933-fdda-4470-b71a-c3246da93f76
[35m[HTTP][39m [37m<-- GET /wd/hub/session/acbc9933-fdda-4470-b71a-c3246da93f76/element/00000000-0000-0045-0000-003f00000004/location [39m[32m200[39m [90m5 ms - 78[39m
[35m[HTTP][39m [90m[39m
[35m[HTTP][39m [37m-->[39m [37mPOST[39m [37m/wd/hub/session/acbc9933-fdda-4470-b71a-c3246da93f76/element/00000000-0000-0045-0000-003f00000004/click[39m
[35m[HTTP][39m [90m{"id":"00000000-0000-0045-0000-003f00000004"}[39m
[35m[HTTP][39m [37m<-- POST /wd/hub/session/acbc9933-fdda-4470-b71a-c3246da93f76/element/00000000-0000-0045-0000-003f00000004/click [39m[32m200[39m [90m35 ms - 14[39m
[35m[HTTP][39m [90m[39m
[35m[HTTP][39m [37m-->[39m [37mGET[39m [37m/wd/hub/session/acbc9933-fdda-4470-b71a-c3246da93f76/source[39m
[35m[HTTP][39m [90m{}[39m
[35m[W3C (acbc9933)][39m Driver proxy active, passing request on via HTTP proxy
[35m[WD Proxy][39m Replacing sessionId 44baebc7-bc28-4154-ac53-97ed5ace4387 with acbc9933-fdda-4470-b71a-c3246da93f76
[35m[HTTP][39m [37m<-- GET /wd/hub/session/acbc9933-fdda-4470-b71a-c3246da93f76/source [39m[32m200[39m [90m1278 ms - 7605[39m
[35m[HTTP][39m [90m[39m
[35m[HTTP][39m [37m-->[39m [37mGET[39m [37m/wd/hub/session/acbc9933-fdda-4470-b71a-c3246da93f76/screenshot[39m
[35m[HTTP][39m [90m{}[39m
[35m[HTTP][39m [37m<-- GET /wd/hub/session/acbc9933-fdda-4470-b71a-c3246da93f76/screenshot [39m[32m200[39m [90m232 ms - 190510[39m
[35m[HTTP][39m [90m[39m
[35m[HTTP][39m [37m-->[39m [37mPOST[39m [37m/wd/hub/session/acbc9933-fdda-4470-b71a-c3246da93f76/elements[39m
[35m[HTTP][39m [90m{"using":"xpath","value":"//*[@class = 'android.widget.EditText' and (@text = 'type name...' or . = 'type name...') and @resource-id = '']"}[39m
[35m[HTTP][39m [37m<-- POST /wd/hub/session/acbc9933-fdda-4470-b71a-c3246da93f76/elements [39m[32m200[39m [90m66 ms - 139[39m
[35m[HTTP][39m [90m[39m
[35m[HTTP][39m [37m-->[39m [37mGET[39m [37m/wd/hub/session/acbc9933-fdda-4470-b71a-c3246da93f76/window/rect[39m
[35m[HTTP][39m [90m{}[39m
[35m[HTTP][39m [37m<-- GET /wd/hub/session/acbc9933-fdda-4470-b71a-c3246da93f76/window/rect [39m[32m200[39m [90m24 ms - 50[39m
[35m[HTTP][39m [90m[39m
[35m[HTTP][39m [37m-->[39m [37mPOST[39m [37m/wd/hub/session/acbc9933-fdda-4470-b71a-c3246da93f76/elements[39m
[35m[HTTP][39m [90m{"using":"xpath","value":"//*[@class = 'android.widget.EditText' and (@text = 'type name...' or . = 'type name...') and @resource-id = '']"}[39m
[35m[HTTP][39m [37m<-- POST /wd/hub/session/acbc9933-fdda-4470-b71a-c3246da93f76/elements [39m[32m200[39m [90m47 ms - 139[39m
[35m[HTTP][39m [90m[39m
[35m[HTTP][39m [37m-->[39m [37mGET[39m [37m/wd/hub/session/acbc9933-fdda-4470-b71a-c3246da93f76/element/00000000-0000-0045-0000-003f00000004/location[39m
[35m[HTTP][39m [90m{}[39m
[35m[W3C (acbc9933)][39m Driver proxy active, passing request on via HTTP proxy
[35m[WD Proxy][39m Replacing sessionId 44baebc7-bc28-4154-ac53-97ed5ace4387 with acbc9933-fdda-4470-b71a-c3246da93f76
[35m[HTTP][39m [37m<-- GET /wd/hub/session/acbc9933-fdda-4470-b71a-c3246da93f76/element/00000000-0000-0045-0000-003f00000004/location [39m[32m200[39m [90m7 ms - 78[39m
[35m[HTTP][39m [90m[39m
[35m[HTTP][39m [37m-->[39m [37mPOST[39m [37m/wd/hub/session/acbc9933-fdda-4470-b71a-c3246da93f76/element/00000000-0000-0045-0000-003f00000004/value[39m
[35m[HTTP][39m [90m{"id":"00000000-0000-0045-0000-003f00000004","text":"Company123","value":["C","o","m","p","a","n","y","1","2","3"]}[39m
[35m[HTTP][39m [37m<-- POST /wd/hub/session/acbc9933-fdda-4470-b71a-c3246da93f76/element/00000000-0000-0045-0000-003f00000004/value [39m[32m200[39m [90m40 ms - 14[39m
[35m[HTTP][39m [90m[39m
[35m[HTTP][39m [37m-->[39m [37mGET[39m [37m/wd/hub/session/acbc9933-fdda-4470-b71a-c3246da93f76/source[39m
[35m[HTTP][39m [90m{}[39m
[35m[W3C (acbc9933)][39m Driver proxy active, passing request on via HTTP proxy
[35m[WD Proxy][39m Replacing sessionId 44baebc7-bc28-4154-ac53-97ed5ace4387 with acbc9933-fdda-4470-b71a-c3246da93f76
[35m[HTTP][39m [37m<-- GET /wd/hub/session/acbc9933-fdda-4470-b71a-c3246da93f76/source [39m[32m200[39m [90m32 ms - 7617[39m
[35m[HTTP][39m [90m[39m
[35m[HTTP][39m [37m-->[39m [37mGET[39m [37m/wd/hub/session/acbc9933-fdda-4470-b71a-c3246da93f76/screenshot[39m
[35m[HTTP][39m [90m{}[39m
[35m[HTTP][39m [37m<-- GET /wd/hub/session/acbc9933-fdda-4470-b71a-c3246da93f76/screenshot [39m[32m200[39m [90m206 ms - 192374[39m
[35m[HTTP][39m [90m[39m
[35m[HTTP][39m [37m-->[39m [37mPOST[39m [37m/wd/hub/session/acbc9933-fdda-4470-b71a-c3246da93f76/elements[39m
[35m[HTTP][39m [90m{"using":"xpath","value":"//*[@class = 'android.widget.EditText' and (@text = 'type description...' or . = 'type description...') and @resource-id = '']"}[39m
[35m[HTTP][39m [37m<-- POST /wd/hub/session/acbc9933-fdda-4470-b71a-c3246da93f76/elements [39m[32m200[39m [90m93 ms - 139[39m
[35m[HTTP][39m [90m[39m
[35m[HTTP][39m [37m-->[39m [37mGET[39m [37m/wd/hub/session/acbc9933-fdda-4470-b71a-c3246da93f76/window/rect[39m
[35m[HTTP][39m [90m{}[39m
[35m[HTTP][39m [37m<-- GET /wd/hub/session/acbc9933-fdda-4470-b71a-c3246da93f76/window/rect [39m[32m200[39m [90m3 ms - 50[39m
[35m[HTTP][39m [90m[39m
[35m[HTTP][39m [37m-->[39m [37mPOST[39m [37m/wd/hub/session/acbc9933-fdda-4470-b71a-c3246da93f76/elements[39m
[35m[HTTP][39m [90m{"using":"xpath","value":"//*[@class = 'android.widget.EditText' and (@text = 'type description...' or . = 'type description...') and @resource-id = '']"}[39m
[35m[HTTP][39m [37m<-- POST /wd/hub/session/acbc9933-fdda-4470-b71a-c3246da93f76/elements [39m[32m200[39m [90m29 ms - 139[39m
[35m[HTTP][39m [90m[39m
[35m[HTTP][39m [37m-->[39m [37mGET[39m [37m/wd/hub/session/acbc9933-fdda-4470-b71a-c3246da93f76/element/00000000-0000-0045-0000-004100000004/location[39m
[35m[HTTP][39m [90m{}[39m
[35m[W3C (acbc9933)][39m Driver proxy active, passing request on via HTTP proxy
[35m[WD Proxy][39m Replacing sessionId 44baebc7-bc28-4154-ac53-97ed5ace4387 with acbc9933-fdda-4470-b71a-c3246da93f76
[35m[HTTP][39m [37m<-- GET /wd/hub/session/acbc9933-fdda-4470-b71a-c3246da93f76/element/00000000-0000-0045-0000-004100000004/location [39m[32m200[39m [90m7 ms - 78[39m
[35m[HTTP][39m [90m[39m
[35m[HTTP][39m [37m-->[39m [37mPOST[39m [37m/wd/hub/session/acbc9933-fdda-4470-b71a-c3246da93f76/element/00000000-0000-0045-0000-004100000004/click[39m
[35m[HTTP][39m [90m{"id":"00000000-0000-0045-0000-004100000004"}[39m
[35m[HTTP][39m [37m<-- POST /wd/hub/session/acbc9933-fdda-4470-b71a-c3246da93f76/element/00000000-0000-0045-0000-004100000004/click [39m[32m200[39m [90m37 ms - 14[39m
[35m[HTTP][39m [90m[39m
[35m[HTTP][39m [37m-->[39m [37mGET[39m [37m/wd/hub/session/acbc9933-fdda-4470-b71a-c3246da93f76/source[39m
[35m[HTTP][39m [90m{}[39m
[35m[W3C (acbc9933)][39m Driver proxy active, passing request on via HTTP proxy
[35m[WD Proxy][39m Replacing sessionId 44baebc7-bc28-4154-ac53-97ed5ace4387 with acbc9933-fdda-4470-b71a-c3246da93f76
[35m[HTTP][39m [37m<-- GET /wd/hub/session/acbc9933-fdda-4470-b71a-c3246da93f76/source [39m[32m200[39m [90m92 ms - 7617[39m
[35m[HTTP][39m [90m[39m
[35m[HTTP][39m [37m-->[39m [37mGET[39m [37m/wd/hub/session/acbc9933-fdda-4470-b71a-c3246da93f76/screenshot[39m
[35m[HTTP][39m [90m{}[39m
[35m[HTTP][39m [37m<-- GET /wd/hub/session/acbc9933-fdda-4470-b71a-c3246da93f76/screenshot [39m[32m200[39m [90m242 ms - 192784[39m
[35m[HTTP][39m [90m[39m
[35m[HTTP][39m [37m-->[39m [37mPOST[39m [37m/wd/hub/session/acbc9933-fdda-4470-b71a-c3246da93f76/elements[39m
[35m[HTTP][39m [90m{"using":"xpath","value":"//*[@class = 'android.widget.EditText' and (@text = 'type description...' or . = 'type description...') and @resource-id = '']"}[39m
[35m[HTTP][39m [37m<-- POST /wd/hub/session/acbc9933-fdda-4470-b71a-c3246da93f76/elements [39m[32m200[39m [90m74 ms - 139[39m
[35m[HTTP][39m [90m[39m
[35m[HTTP][39m [37m-->[39m [37mGET[39m [37m/wd/hub/session/acbc9933-fdda-4470-b71a-c3246da93f76/window/rect[39m
[35m[HTTP][39m [90m{}[39m
[35m[HTTP][39m [37m<-- GET /wd/hub/session/acbc9933-fdda-4470-b71a-c3246da93f76/window/rect [39m[32m200[39m [90m22 ms - 50[39m
[35m[HTTP][39m [90m[39m
[35m[HTTP][39m [37m-->[39m [37mPOST[39m [37m/wd/hub/session/acbc9933-fdda-4470-b71a-c3246da93f76/elements[39m
[35m[HTTP][39m [90m{"using":"xpath","value":"//*[@class = 'android.widget.EditText' and (@text = 'type description...' or . = 'type description...') and @resource-id = '']"}[39m
[35m[HTTP][39m [37m<-- POST /wd/hub/session/acbc9933-fdda-4470-b71a-c3246da93f76/elements [39m[32m200[39m [90m49 ms - 139[39m
[35m[HTTP][39m [90m[39m
[35m[HTTP][39m [37m-->[39m [37mGET[39m [37m/wd/hub/session/acbc9933-fdda-4470-b71a-c3246da93f76/element/00000000-0000-0045-0000-004100000004/location[39m
[35m[HTTP][39m [90m{}[39m
[35m[W3C (acbc9933)][39m Driver proxy active, passing request on via HTTP proxy
[35m[WD Proxy][39m Replacing sessionId 44baebc7-bc28-4154-ac53-97ed5ace4387 with acbc9933-fdda-4470-b71a-c3246da93f76
[35m[HTTP][39m [37m<-- GET /wd/hub/session/acbc9933-fdda-4470-b71a-c3246da93f76/element/00000000-0000-0045-0000-004100000004/location [39m[32m200[39m [90m6 ms - 78[39m
[35m[HTTP][39m [90m[39m
[35m[HTTP][39m [37m-->[39m [37mPOST[39m [37m/wd/hub/session/acbc9933-fdda-4470-b71a-c3246da93f76/element/00000000-0000-0045-0000-004100000004/value[39m
[35m[HTTP][39m [90m{"id":"00000000-0000-0045-0000-004100000004","text":"description","value":["d","e","s","c","r","i","p","t","i","o","n"]}[39m
[35m[HTTP][39m [37m<-- POST /wd/hub/session/acbc9933-fdda-4470-b71a-c3246da93f76/element/00000000-0000-0045-0000-004100000004/value [39m[32m200[39m [90m37 ms - 14[39m
[35m[HTTP][39m [90m[39m
[35m[HTTP][39m [37m-->[39m [37mGET[39m [37m/wd/hub/session/acbc9933-fdda-4470-b71a-c3246da93f76/source[39m
[35m[HTTP][39m [90m{}[39m
[35m[W3C (acbc9933)][39m Driver proxy active, passing request on via HTTP proxy
[35m[WD Proxy][39m Replacing sessionId 44baebc7-bc28-4154-ac53-97ed5ace4387 with acbc9933-fdda-4470-b71a-c3246da93f76
[35m[HTTP][39m [37m<-- GET /wd/hub/session/acbc9933-fdda-4470-b71a-c3246da93f76/source [39m[32m200[39m [90m56 ms - 7630[39m
[35m[HTTP][39m [90m[39m
[35m[HTTP][39m [37m-->[39m [37mGET[39m [37m/wd/hub/session/acbc9933-fdda-4470-b71a-c3246da93f76/screenshot[39m
[35m[HTTP][39m [90m{}[39m
[35m[HTTP][39m [37m<-- GET /wd/hub/session/acbc9933-fdda-4470-b71a-c3246da93f76/screenshot [39m[32m200[39m [90m213 ms - 191630[39m
[35m[HTTP][39m [90m[39m
[35m[HTTP][39m [37m-->[39m [37mPOST[39m [37m/wd/hub/session/acbc9933-fdda-4470-b71a-c3246da93f76/elements[39m
[35m[HTTP][39m [90m{"using":"xpath","value":"//*[@class = 'android.widget.Button' and @resource-id = '' and (@text = '' or . = '')]"}[39m
[35m[HTTP][39m [37m<-- POST /wd/hub/session/acbc9933-fdda-4470-b71a-c3246da93f76/elements [39m[32m200[39m [90m103 ms - 267[39m
[35m[HTTP][39m [90m[39m
[35m[HTTP][39m [37m-->[39m [37mPOST[39m [37m/wd/hub/session/acbc9933-fdda-4470-b71a-c3246da93f76/elements[39m
[35m[HTTP][39m [90m{"using":"accessibility id","value":"Create"}[39m
[35m[HTTP][39m [37m<-- POST /wd/hub/session/acbc9933-fdda-4470-b71a-c3246da93f76/elements [39m[32m200[39m [90m13 ms - 139[39m
[35m[HTTP][39m [90m[39m
[35m[HTTP][39m [37m-->[39m [37mGET[39m [37m/wd/hub/session/acbc9933-fdda-4470-b71a-c3246da93f76/window/rect[39m
[35m[HTTP][39m [90m{}[39m
[35m[HTTP][39m [37m<-- GET /wd/hub/session/acbc9933-fdda-4470-b71a-c3246da93f76/window/rect [39m[32m200[39m [90m6 ms - 50[39m
[35m[HTTP][39m [90m[39m
[35m[HTTP][39m [37m-->[39m [37mPOST[39m [37m/wd/hub/session/acbc9933-fdda-4470-b71a-c3246da93f76/elements[39m
[35m[HTTP][39m [90m{"using":"accessibility id","value":"Create"}[39m
[35m[HTTP][39m [37m<-- POST /wd/hub/session/acbc9933-fdda-4470-b71a-c3246da93f76/elements [39m[32m200[39m [90m13 ms - 139[39m
[35m[HTTP][39m [90m[39m
[35m[HTTP][39m [37m-->[39m [37mGET[39m [37m/wd/hub/session/acbc9933-fdda-4470-b71a-c3246da93f76/element/00000000-0000-0045-0000-004200000004/location[39m
[35m[HTTP][39m [90m{}[39m
[35m[W3C (acbc9933)][39m Driver proxy active, passing request on via HTTP proxy
[35m[WD Proxy][39m Replacing sessionId 44baebc7-bc28-4154-ac53-97ed5ace4387 with acbc9933-fdda-4470-b71a-c3246da93f76
[35m[HTTP][39m [37m<-- GET /wd/hub/session/acbc9933-fdda-4470-b71a-c3246da93f76/element/00000000-0000-0045-0000-004200000004/location [39m[32m200[39m [90m5 ms - 79[39m
[35m[HTTP][39m [90m[39m
[35m[HTTP][39m [37m-->[39m [37mPOST[39m [37m/wd/hub/session/acbc9933-fdda-4470-b71a-c3246da93f76/element/00000000-0000-0045-0000-004200000004/click[39m
[35m[HTTP][39m [90m{"id":"00000000-0000-0045-0000-004200000004"}[39m
[35m[HTTP][39m [37m<-- POST /wd/hub/session/acbc9933-fdda-4470-b71a-c3246da93f76/element/00000000-0000-0045-0000-004200000004/click [39m[32m200[39m [90m56 ms - 14[39m
[35m[HTTP][39m [90m[39m
[35m[HTTP][39m [37m-->[39m [37mGET[39m [37m/wd/hub/session/acbc9933-fdda-4470-b71a-c3246da93f76/source[39m
[35m[HTTP][39m [90m{}[39m
[35m[W3C (acbc9933)][39m Driver proxy active, passing request on via HTTP proxy
[35m[WD Proxy][39m Replacing sessionId 44baebc7-bc28-4154-ac53-97ed5ace4387 with acbc9933-fdda-4470-b71a-c3246da93f76
[35m[HTTP][39m [37m<-- GET /wd/hub/session/acbc9933-fdda-4470-b71a-c3246da93f76/source [39m[32m200[39m [90m323 ms - 4313[39m
[35m[HTTP][39m [90m[39m
[35m[HTTP][39m [37m-->[39m [37mGET[39m [37m/wd/hub/session/acbc9933-fdda-4470-b71a-c3246da93f76/screenshot[39m
[35m[HTTP][39m [90m{}[39m
[35m[HTTP][39m [37m<-- GET /wd/hub/session/acbc9933-fdda-4470-b71a-c3246da93f76/screenshot [39m[32m200[39m [90m277 ms - 123118[39m
[35m[HTTP][39m [90m[39m
[35m[HTTP][39m [37m-->[39m [37mGET[39m [37m/wd/hub/session/acbc9933-fdda-4470-b71a-c3246da93f76/source[39m
[35m[HTTP][39m [90m{}[39m
[35m[W3C (acbc9933)][39m Driver proxy active, passing request on via HTTP proxy
[35m[WD Proxy][39m Replacing sessionId 44baebc7-bc28-4154-ac53-97ed5ace4387 with acbc9933-fdda-4470-b71a-c3246da93f76
[35m[HTTP][39m [37m<-- GET /wd/hub/session/acbc9933-fdda-4470-b71a-c3246da93f76/source [39m[32m200[39m [90m708 ms - 15426[39m
[35m[HTTP][39m [90m[39m
[35m[HTTP][39m [37m-->[39m [37mGET[39m [37m/wd/hub/session/acbc9933-fdda-4470-b71a-c3246da93f76/screenshot[39m
[35m[HTTP][39m [90m{}[39m
[35m[HTTP][39m [37m<-- GET /wd/hub/session/acbc9933-fdda-4470-b71a-c3246da93f76/screenshot [39m[32m200[39m [90m236 ms - 158230[39m
[35m[HTTP][39m [90m[39m
[35m[HTTP][39m [37m-->[39m [37mDELETE[39m [37m/wd/hub/session/acbc9933-fdda-4470-b71a-c3246da93f76[39m
[35m[HTTP][39m [90m{}[39m
[35m[Appium][39m Removing session acbc9933-fdda-4470-b71a-c3246da93f76 from our master session list
[35m[UiAutomator2][39m Restoring hidden api policy to the device default configuration
[35m[HTTP][39m [37m<-- DELETE /wd/hub/session/acbc9933-fdda-4470-b71a-c3246da93f76 [39m[32m200[39m [90m1376 ms - 14[39m
[35m[HTTP][39m [90m[39m
